c:\users\user\desktop\rollercoaster\roller coaster\x64\release\vc141.pdb
c:\users\user\desktop\rollercoaster\roller coaster\x64\release\vector.obj
c:\users\user\desktop\rollercoaster\roller coaster\x64\release\pnt3f.obj
c:\users\user\desktop\rollercoaster\roller coaster\x64\release\arcballcam.obj
c:\users\user\desktop\rollercoaster\roller coaster\x64\release\3dutils.obj
c:\users\user\desktop\rollercoaster\roller coaster\x64\release\triangle.obj
c:\users\user\desktop\rollercoaster\roller coaster\x64\release\trainview.obj
c:\users\user\desktop\rollercoaster\roller coaster\x64\release\track.obj
c:\users\user\desktop\rollercoaster\roller coaster\x64\release\square.obj
c:\users\user\desktop\rollercoaster\roller coaster\x64\release\main.obj
c:\users\user\desktop\rollercoaster\roller coaster\x64\release\controlpoint.obj
c:\users\user\desktop\rollercoaster\roller coaster\x64\release\appmain.obj
c:\users\user\desktop\rollercoaster\roller coaster\x64\release\model.obj
c:\users\user\desktop\rollercoaster\roller coaster\x64\release\moc_trainview.obj
c:\users\user\desktop\rollercoaster\roller coaster\x64\release\moc_appmain.obj
c:\users\user\desktop\rollercoaster\roller coaster\x64\release\cbmploader.obj
c:\users\user\desktop\rollercoaster\roller coaster\x64\release\3dsloader.obj
c:\users\user\desktop\rollercoaster\roller coaster\x64\release\water.obj
c:\users\user\desktop\rollercoaster\roller coaster\x64\release\tunnel.obj
c:\users\user\desktop\rollercoaster\roller coaster\x64\release\tracktest.obj
c:\users\user\desktop\rollercoaster\roller coaster\x64\release\sleeper.obj
c:\users\user\desktop\rollercoaster\roller coaster\x64\release\terrain.obj
c:\users\user\desktop\rollercoaster\roller coaster\x64\release\partical.obj
c:\users\user\desktop\rollercoaster\roller coaster\x64\release\mymodel.obj
c:\users\user\desktop\rollercoaster\roller coaster\x64\release\qrc_appmain.obj
c:\users\user\desktop\rollercoaster\roller coaster\generatedfiles\qrc_appmain.cpp
c:\users\user\desktop\rollercoaster\roller coaster\generatedfiles\release\moc_appmain.cpp
c:\users\user\desktop\rollercoaster\roller coaster\generatedfiles\ui_appmain.h
c:\users\user\desktop\rollercoaster\roller coaster\generatedfiles\release\moc_trainview.cpp
c:\users\user\desktop\rollercoaster\x64\release\roller coaster.exe
c:\users\user\desktop\rollercoaster\roller coaster\x64\release\vc141.idb
c:\users\user\desktop\rollercoaster\roller coaster\x64\release\roller coaster.tlog\cl.command.1.tlog
c:\users\user\desktop\rollercoaster\roller coaster\x64\release\roller coaster.tlog\cl.read.1.tlog
c:\users\user\desktop\rollercoaster\roller coaster\x64\release\roller coaster.tlog\cl.write.1.tlog
c:\users\user\desktop\rollercoaster\roller coaster\x64\release\roller coaster.tlog\custombuild.command.1.tlog
c:\users\user\desktop\rollercoaster\roller coaster\x64\release\roller coaster.tlog\custombuild.read.1.tlog
c:\users\user\desktop\rollercoaster\roller coaster\x64\release\roller coaster.tlog\custombuild.write.1.tlog
c:\users\user\desktop\rollercoaster\roller coaster\x64\release\roller coaster.tlog\link.command.1.tlog
c:\users\user\desktop\rollercoaster\roller coaster\x64\release\roller coaster.tlog\link.read.1.tlog
c:\users\user\desktop\rollercoaster\roller coaster\x64\release\roller coaster.tlog\link.write.1.tlog
