c:\users\user\desktop\rollercoaster\roller coaster\x64\debug\vc141.pdb
c:\users\user\desktop\rollercoaster\roller coaster\x64\debug\pnt3f.obj
c:\users\user\desktop\rollercoaster\roller coaster\x64\debug\arcballcam.obj
c:\users\user\desktop\rollercoaster\roller coaster\x64\debug\3dutils.obj
c:\users\user\desktop\rollercoaster\roller coaster\x64\debug\triangle.obj
c:\users\user\desktop\rollercoaster\roller coaster\x64\debug\trainview.obj
c:\users\user\desktop\rollercoaster\roller coaster\x64\debug\track.obj
c:\users\user\desktop\rollercoaster\roller coaster\x64\debug\square.obj
c:\users\user\desktop\rollercoaster\roller coaster\x64\debug\main.obj
c:\users\user\desktop\rollercoaster\roller coaster\x64\debug\controlpoint.obj
c:\users\user\desktop\rollercoaster\roller coaster\x64\debug\appmain.obj
c:\users\user\desktop\rollercoaster\roller coaster\x64\debug\moc_trainview.obj
c:\users\user\desktop\rollercoaster\roller coaster\x64\debug\moc_appmain.obj
c:\users\user\desktop\rollercoaster\roller coaster\x64\debug\qrc_appmain.obj
c:\users\user\desktop\rollercoaster\roller coaster\x64\debug\model.obj
c:\users\user\desktop\rollercoaster\roller coaster\generatedfiles\ui_appmain.h
c:\users\user\desktop\rollercoaster\roller coaster\generatedfiles\debug\moc_appmain.cpp
c:\users\user\desktop\rollercoaster\roller coaster\generatedfiles\qrc_appmain.cpp
c:\users\user\desktop\rollercoaster\roller coaster\generatedfiles\debug\moc_trainview.cpp
c:\users\user\desktop\rollercoaster\x64\debug\roller coaster.exe
c:\users\user\desktop\rollercoaster\x64\debug\roller coaster.ilk
c:\users\user\desktop\rollercoaster\x64\debug\roller coaster.pdb
c:\users\user\desktop\rollercoaster\roller coaster\x64\debug\roller coaster.tlog\cl.command.1.tlog
c:\users\user\desktop\rollercoaster\roller coaster\x64\debug\roller coaster.tlog\cl.read.1.tlog
c:\users\user\desktop\rollercoaster\roller coaster\x64\debug\roller coaster.tlog\cl.write.1.tlog
c:\users\user\desktop\rollercoaster\roller coaster\x64\debug\roller coaster.tlog\custombuild.command.1.tlog
c:\users\user\desktop\rollercoaster\roller coaster\x64\debug\roller coaster.tlog\custombuild.read.1.tlog
c:\users\user\desktop\rollercoaster\roller coaster\x64\debug\roller coaster.tlog\custombuild.write.1.tlog
c:\users\user\desktop\rollercoaster\roller coaster\x64\debug\roller coaster.tlog\link.command.1.tlog
c:\users\user\desktop\rollercoaster\roller coaster\x64\debug\roller coaster.tlog\link.read.1.tlog
c:\users\user\desktop\rollercoaster\roller coaster\x64\debug\roller coaster.tlog\link.write.1.tlog
